<?xml version="1.0" encoding="UTF-8"?>
<!-- Generated by org.testng.reporters.JUnitReportReporter -->
<testsuite hostname="Dell" failures="0" tests="1" name="Module1_Login_Test.SwagLabLoginTest" time="12.727" errors="0" timestamp="2023-11-25T07:55:00 IST" skipped="0">
  <testcase classname="Module1_Login_Test.SwagLabLoginTest" name="VerifyTitle" time="12.727"/>
</testsuite> <!-- Module1_Login_Test.SwagLabLoginTest -->
